<?xml version="1.0" encoding="UTF-8"?>
<testng-results ignored="0" total="7" passed="7" failed="0" skipped="0">
  <reporter-output>
  </reporter-output>
  <suite started-at="2022-02-28T12:51:35 IST" name="Default suite" finished-at="2022-02-28T12:51:35 IST" duration-ms="392">
    <groups>
    </groups>
    <test started-at="2022-02-28T12:51:35 IST" name="Default test" finished-at="2022-02-28T12:51:35 IST" duration-ms="392">
      <class name="TestAutomation.DatabaseTesting.DatabaseAssignment">
        <test-method is-config="true" signature="setup()[pri:0, instance:TestAutomation.DatabaseTesting.DatabaseAssignment@13e39c73]" started-at="2022-02-28T12:51:35 IST" name="setup" finished-at="2022-02-28T12:51:35 IST" duration-ms="304" status="PASS">
          <reporter-output>
          </reporter-output>
        </test-method> <!-- setup -->
        <test-method signature="checkAllTablesAvailability()[pri:0, instance:TestAutomation.DatabaseTesting.DatabaseAssignment@13e39c73]" started-at="2022-02-28T12:51:35 IST" name="checkAllTablesAvailability" finished-at="2022-02-28T12:51:35 IST" duration-ms="41" status="PASS">
          <reporter-output>
          </reporter-output>
        </test-method> <!-- checkAllTablesAvailability -->
        <test-method signature="testAllColumnsInTableExists()[pri:0, instance:TestAutomation.DatabaseTesting.DatabaseAssignment@13e39c73]" started-at="2022-02-28T12:51:35 IST" name="testAllColumnsInTableExists" finished-at="2022-02-28T12:51:35 IST" duration-ms="3" status="PASS">
          <reporter-output>
          </reporter-output>
        </test-method> <!-- testAllColumnsInTableExists -->
        <test-method signature="testColumnDatatypes()[pri:0, instance:TestAutomation.DatabaseTesting.DatabaseAssignment@13e39c73]" started-at="2022-02-28T12:51:35 IST" name="testColumnDatatypes" finished-at="2022-02-28T12:51:35 IST" duration-ms="3" status="PASS">
          <reporter-output>
          </reporter-output>
        </test-method> <!-- testColumnDatatypes -->
        <test-method signature="testColumnNullableValue()[pri:0, instance:TestAutomation.DatabaseTesting.DatabaseAssignment@13e39c73]" started-at="2022-02-28T12:51:35 IST" name="testColumnNullableValue" finished-at="2022-02-28T12:51:35 IST" duration-ms="2" status="PASS">
          <reporter-output>
          </reporter-output>
        </test-method> <!-- testColumnNullableValue -->
        <test-method signature="testColumnPrimarykeyAndOtherConstraints()[pri:0, instance:TestAutomation.DatabaseTesting.DatabaseAssignment@13e39c73]" started-at="2022-02-28T12:51:35 IST" name="testColumnPrimarykeyAndOtherConstraints" finished-at="2022-02-28T12:51:35 IST" duration-ms="2" status="PASS">
          <reporter-output>
          </reporter-output>
        </test-method> <!-- testColumnPrimarykeyAndOtherConstraints -->
        <test-method signature="testColumnSize()[pri:0, instance:TestAutomation.DatabaseTesting.DatabaseAssignment@13e39c73]" started-at="2022-02-28T12:51:35 IST" name="testColumnSize" finished-at="2022-02-28T12:51:35 IST" duration-ms="2" status="PASS">
          <reporter-output>
          </reporter-output>
        </test-method> <!-- testColumnSize -->
        <test-method signature="testNoOfColumns()[pri:0, instance:TestAutomation.DatabaseTesting.DatabaseAssignment@13e39c73]" started-at="2022-02-28T12:51:35 IST" name="testNoOfColumns" finished-at="2022-02-28T12:51:35 IST" duration-ms="3" status="PASS">
          <reporter-output>
          </reporter-output>
        </test-method> <!-- testNoOfColumns -->
      </class> <!-- TestAutomation.DatabaseTesting.DatabaseAssignment -->
    </test> <!-- Default test -->
  </suite> <!-- Default suite -->
</testng-results>
