<?xml version="1.0" encoding="UTF-8"?>
<testng-results ignored="0" total="1" passed="1" failed="0" skipped="0">
  <reporter-output>
  </reporter-output>
  <suite started-at="2022-02-16T00:30:00 IST" name="Default suite" finished-at="2022-02-16T00:31:09 IST" duration-ms="68947">
    <groups>
    </groups>
    <test started-at="2022-02-16T00:30:00 IST" name="Default test" finished-at="2022-02-16T00:31:09 IST" duration-ms="68947">
      <class name="TestAutomation.Selenium.TestAssignment">
        <test-method signature="login()[pri:0, instance:TestAutomation.Selenium.TestAssignment@dbf57b3]" started-at="2022-02-16T00:30:00 IST" name="login" finished-at="2022-02-16T00:31:09 IST" duration-ms="68914" status="PASS">
          <reporter-output>
          </reporter-output>
        </test-method> <!-- login -->
      </class> <!-- TestAutomation.Selenium.TestAssignment -->
    </test> <!-- Default test -->
  </suite> <!-- Default suite -->
</testng-results>
