<?xml version="1.0" encoding="UTF-8"?>
<!-- Generated by org.testng.reporters.JUnitXMLReporter -->
<testsuite ignored="0" hostname="EPINHYDW0D30" failures="0" tests="13" name="Default test" time="0.07" errors="0" timestamp="2022-02-10T22:37:54 IST">
  <testcase classname="TestAutomation.TestNG.TestLibrary" name="testActivateUser" time="0.009"/>
  <testcase classname="TestAutomation.TestNG.TestLibrary" name="testAddBook" time="0.001"/>
  <testcase classname="TestAutomation.TestNG.TestLibrary" name="testAddMember" time="0.0"/>
  <testcase classname="TestAutomation.TestNG.TestLibrary" name="testAddMember" time="0.001"/>
  <testcase classname="TestAutomation.TestNG.TestLibrary" name="testAddMember" time="0.0"/>
  <testcase classname="TestAutomation.TestNG.TestLibrary" name="testAddToLibrary" time="0.001"/>
  <testcase classname="TestAutomation.TestNG.TestLibrary" name="testAssignBookToMember" time="0.001"/>
  <testcase classname="TestAutomation.TestNG.TestLibrary" name="testFindBookById" time="0.0"/>
  <testcase classname="TestAutomation.TestNG.TestLibrary" name="testFindMemberById" time="0.0"/>
  <testcase classname="TestAutomation.TestNG.TestLibrary" name="testIssueBook" time="0.0"/>
  <testcase classname="TestAutomation.TestNG.TestLibrary" name="testRemoveBook" time="0.001"/>
  <testcase classname="TestAutomation.TestNG.TestLibrary" name="testSearchByBookName" time="0.001"/>
  <testcase classname="TestAutomation.TestNG.TestLibrary" name="testdeActivateUser" time="0.0"/>
</testsuite> <!-- Default test -->
