<?xml version="1.0" encoding="UTF-8"?>
<testng-results ignored="0" total="2" passed="2" failed="0" skipped="0">
  <reporter-output>
  </reporter-output>
  <suite started-at="2022-03-06T12:40:32 IST" name="TestOrangeHRM" finished-at="2022-03-06T12:41:29 IST" duration-ms="57264">
    <groups>
      <group name="cucumber">
        <method signature="AbstractTestNGCucumberTests.runScenario(io.cucumber.testng.PickleWrapper,io.cucumber.testng.FeatureWrapper)[pri:0, instance:practice.TestRunner@639c2c1d]" name="runScenario" class="io.cucumber.testng.AbstractTestNGCucumberTests"/>
      </group> <!-- cucumber -->
    </groups>
    <test started-at="2022-03-06T12:40:32 IST" name="LoginPage" finished-at="2022-03-06T12:41:29 IST" duration-ms="57264">
      <class name="practice.CucumberStepDefinitionImpl">
        <test-method is-config="true" signature="setup(org.testng.ITestContext)[pri:0, instance:practice.CucumberStepDefinitionImpl@3270d194]" started-at="2022-03-06T12:40:32 IST" name="setup" finished-at="2022-03-06T12:40:33 IST" duration-ms="1358" status="PASS">
          <params>
            <param index="0">
              <value>
                <![CDATA[org.testng.TestRunner@26350ea2]]>
              </value>
            </param>
          </params>
          <reporter-output>
          </reporter-output>
        </test-method> <!-- setup -->
      </class> <!-- practice.CucumberStepDefinitionImpl -->
      <class name="practice.TestRunner">
        <test-method is-config="true" signature="setUpClass(org.testng.ITestContext)[pri:0, instance:practice.TestRunner@639c2c1d]" started-at="2022-03-06T12:40:33 IST" name="setUpClass" finished-at="2022-03-06T12:40:33 IST" duration-ms="143" status="PASS">
          <params>
            <param index="0">
              <value>
                <![CDATA[org.testng.TestRunner@26350ea2]]>
              </value>
            </param>
          </params>
          <reporter-output>
          </reporter-output>
        </test-method> <!-- setUpClass -->
        <test-method signature="runScenario(io.cucumber.testng.PickleWrapper,io.cucumber.testng.FeatureWrapper)[pri:0, instance:practice.TestRunner@639c2c1d]" started-at="2022-03-06T12:40:33 IST" name="runScenario" description="Runs Cucumber Scenarios" data-provider="scenarios" finished-at="2022-03-06T12:40:46 IST" duration-ms="12562" status="PASS">
          <params>
            <param index="0">
              <value>
                <![CDATA["Login to orangeHRM"]]>
              </value>
            </param>
            <param index="1">
              <value>
                <![CDATA["Optional[Modifying Admin Role]"]]>
              </value>
            </param>
          </params>
          <reporter-output>
          </reporter-output>
        </test-method> <!-- runScenario -->
        <test-method signature="runScenario(io.cucumber.testng.PickleWrapper,io.cucumber.testng.FeatureWrapper)[pri:0, instance:practice.TestRunner@639c2c1d]" started-at="2022-03-06T12:40:46 IST" name="runScenario" description="Runs Cucumber Scenarios" data-provider="scenarios" finished-at="2022-03-06T12:41:29 IST" duration-ms="43166" status="PASS">
          <params>
            <param index="0">
              <value>
                <![CDATA["navigating to users page"]]>
              </value>
            </param>
            <param index="1">
              <value>
                <![CDATA["Optional[Modifying Admin Role]"]]>
              </value>
            </param>
          </params>
          <reporter-output>
          </reporter-output>
        </test-method> <!-- runScenario -->
        <test-method is-config="true" signature="tearDownClass()[pri:0, instance:practice.TestRunner@639c2c1d]" started-at="2022-03-06T12:41:29 IST" name="tearDownClass" finished-at="2022-03-06T12:41:29 IST" duration-ms="7" status="PASS">
          <reporter-output>
          </reporter-output>
        </test-method> <!-- tearDownClass -->
      </class> <!-- practice.TestRunner -->
    </test> <!-- LoginPage -->
  </suite> <!-- TestOrangeHRM -->
</testng-results>
