<?xml version="1.0" encoding="UTF-8"?>
<testng-results ignored="1" total="38" passed="36" failed="1" skipped="0">
  <reporter-output>
  </reporter-output>
  <suite started-at="2022-03-03T13:07:36 IST" name="TestOrangeHRM" finished-at="2022-03-03T13:07:40 IST" duration-ms="3245">
    <groups>
      <group name="cucumber">
        <method signature="AbstractTestNGCucumberTests.runScenario(io.cucumber.testng.PickleWrapper,io.cucumber.testng.FeatureWrapper)[pri:0, instance:calculator.TestCalculator@765d7657]" name="runScenario" class="io.cucumber.testng.AbstractTestNGCucumberTests"/>
      </group> <!-- cucumber -->
    </groups>
    <test started-at="2022-03-03T13:07:36 IST" name="Calculator" finished-at="2022-03-03T13:07:40 IST" duration-ms="3245">
      <class name="calculator.TestCalculator">
        <test-method is-config="true" signature="setUpClass(org.testng.ITestContext)[pri:0, instance:calculator.TestCalculator@765d7657]" started-at="2022-03-03T13:07:36 IST" name="setUpClass" finished-at="2022-03-03T13:07:38 IST" duration-ms="1758" status="PASS">
          <params>
            <param index="0">
              <value>
                <![CDATA[org.testng.TestRunner@27329d2a]]>
              </value>
            </param>
          </params>
          <reporter-output>
          </reporter-output>
        </test-method> <!-- setUpClass -->
        <test-method signature="runScenario(io.cucumber.testng.PickleWrapper,io.cucumber.testng.FeatureWrapper)[pri:0, instance:calculator.TestCalculator@765d7657]" started-at="2022-03-03T13:07:38 IST" name="runScenario" description="Runs Cucumber Scenarios" data-provider="scenarios" finished-at="2022-03-03T13:07:38 IST" duration-ms="119" status="PASS">
          <params>
            <param index="0">
              <value>
                <![CDATA["Calculator UI Test number button"]]>
              </value>
            </param>
            <param index="1">
              <value>
                <![CDATA["Optional[Calcaulator application]"]]>
              </value>
            </param>
          </params>
          <reporter-output>
          </reporter-output>
        </test-method> <!-- runScenario -->
        <test-method signature="runScenario(io.cucumber.testng.PickleWrapper,io.cucumber.testng.FeatureWrapper)[pri:0, instance:calculator.TestCalculator@765d7657]" started-at="2022-03-03T13:07:38 IST" name="runScenario" description="Runs Cucumber Scenarios" data-provider="scenarios" finished-at="2022-03-03T13:07:38 IST" duration-ms="35" status="PASS">
          <params>
            <param index="0">
              <value>
                <![CDATA["Calculator UI Test number button"]]>
              </value>
            </param>
            <param index="1">
              <value>
                <![CDATA["Optional[Calcaulator application]"]]>
              </value>
            </param>
          </params>
          <reporter-output>
          </reporter-output>
        </test-method> <!-- runScenario -->
        <test-method signature="runScenario(io.cucumber.testng.PickleWrapper,io.cucumber.testng.FeatureWrapper)[pri:0, instance:calculator.TestCalculator@765d7657]" started-at="2022-03-03T13:07:38 IST" name="runScenario" description="Runs Cucumber Scenarios" data-provider="scenarios" finished-at="2022-03-03T13:07:38 IST" duration-ms="28" status="PASS">
          <params>
            <param index="0">
              <value>
                <![CDATA["Calculator UI Test number button"]]>
              </value>
            </param>
            <param index="1">
              <value>
                <![CDATA["Optional[Calcaulator application]"]]>
              </value>
            </param>
          </params>
          <reporter-output>
          </reporter-output>
        </test-method> <!-- runScenario -->
        <test-method signature="runScenario(io.cucumber.testng.PickleWrapper,io.cucumber.testng.FeatureWrapper)[pri:0, instance:calculator.TestCalculator@765d7657]" started-at="2022-03-03T13:07:38 IST" name="runScenario" description="Runs Cucumber Scenarios" data-provider="scenarios" finished-at="2022-03-03T13:07:38 IST" duration-ms="28" status="PASS">
          <params>
            <param index="0">
              <value>
                <![CDATA["Calculator UI Test number button"]]>
              </value>
            </param>
            <param index="1">
              <value>
                <![CDATA["Optional[Calcaulator application]"]]>
              </value>
            </param>
          </params>
          <reporter-output>
          </reporter-output>
        </test-method> <!-- runScenario -->
        <test-method signature="runScenario(io.cucumber.testng.PickleWrapper,io.cucumber.testng.FeatureWrapper)[pri:0, instance:calculator.TestCalculator@765d7657]" started-at="2022-03-03T13:07:38 IST" name="runScenario" description="Runs Cucumber Scenarios" data-provider="scenarios" finished-at="2022-03-03T13:07:38 IST" duration-ms="34" status="PASS">
          <params>
            <param index="0">
              <value>
                <![CDATA["Calculator UI Test number button"]]>
              </value>
            </param>
            <param index="1">
              <value>
                <![CDATA["Optional[Calcaulator application]"]]>
              </value>
            </param>
          </params>
          <reporter-output>
          </reporter-output>
        </test-method> <!-- runScenario -->
        <test-method signature="runScenario(io.cucumber.testng.PickleWrapper,io.cucumber.testng.FeatureWrapper)[pri:0, instance:calculator.TestCalculator@765d7657]" started-at="2022-03-03T13:07:38 IST" name="runScenario" description="Runs Cucumber Scenarios" data-provider="scenarios" finished-at="2022-03-03T13:07:38 IST" duration-ms="26" status="PASS">
          <params>
            <param index="0">
              <value>
                <![CDATA["Calculator UI Test number button"]]>
              </value>
            </param>
            <param index="1">
              <value>
                <![CDATA["Optional[Calcaulator application]"]]>
              </value>
            </param>
          </params>
          <reporter-output>
          </reporter-output>
        </test-method> <!-- runScenario -->
        <test-method signature="runScenario(io.cucumber.testng.PickleWrapper,io.cucumber.testng.FeatureWrapper)[pri:0, instance:calculator.TestCalculator@765d7657]" started-at="2022-03-03T13:07:38 IST" name="runScenario" description="Runs Cucumber Scenarios" data-provider="scenarios" finished-at="2022-03-03T13:07:38 IST" duration-ms="27" status="PASS">
          <params>
            <param index="0">
              <value>
                <![CDATA["Calculator UI Test number button"]]>
              </value>
            </param>
            <param index="1">
              <value>
                <![CDATA["Optional[Calcaulator application]"]]>
              </value>
            </param>
          </params>
          <reporter-output>
          </reporter-output>
        </test-method> <!-- runScenario -->
        <test-method signature="runScenario(io.cucumber.testng.PickleWrapper,io.cucumber.testng.FeatureWrapper)[pri:0, instance:calculator.TestCalculator@765d7657]" started-at="2022-03-03T13:07:38 IST" name="runScenario" description="Runs Cucumber Scenarios" data-provider="scenarios" finished-at="2022-03-03T13:07:38 IST" duration-ms="23" status="PASS">
          <params>
            <param index="0">
              <value>
                <![CDATA["Calculator UI Test number button"]]>
              </value>
            </param>
            <param index="1">
              <value>
                <![CDATA["Optional[Calcaulator application]"]]>
              </value>
            </param>
          </params>
          <reporter-output>
          </reporter-output>
        </test-method> <!-- runScenario -->
        <test-method signature="runScenario(io.cucumber.testng.PickleWrapper,io.cucumber.testng.FeatureWrapper)[pri:0, instance:calculator.TestCalculator@765d7657]" started-at="2022-03-03T13:07:38 IST" name="runScenario" description="Runs Cucumber Scenarios" data-provider="scenarios" finished-at="2022-03-03T13:07:38 IST" duration-ms="27" status="PASS">
          <params>
            <param index="0">
              <value>
                <![CDATA["Calculator UI Test number button"]]>
              </value>
            </param>
            <param index="1">
              <value>
                <![CDATA["Optional[Calcaulator application]"]]>
              </value>
            </param>
          </params>
          <reporter-output>
          </reporter-output>
        </test-method> <!-- runScenario -->
        <test-method signature="runScenario(io.cucumber.testng.PickleWrapper,io.cucumber.testng.FeatureWrapper)[pri:0, instance:calculator.TestCalculator@765d7657]" started-at="2022-03-03T13:07:38 IST" name="runScenario" description="Runs Cucumber Scenarios" data-provider="scenarios" finished-at="2022-03-03T13:07:39 IST" duration-ms="22" status="PASS">
          <params>
            <param index="0">
              <value>
                <![CDATA["Calculator UI Test number button"]]>
              </value>
            </param>
            <param index="1">
              <value>
                <![CDATA["Optional[Calcaulator application]"]]>
              </value>
            </param>
          </params>
          <reporter-output>
          </reporter-output>
        </test-method> <!-- runScenario -->
        <test-method signature="runScenario(io.cucumber.testng.PickleWrapper,io.cucumber.testng.FeatureWrapper)[pri:0, instance:calculator.TestCalculator@765d7657]" started-at="2022-03-03T13:07:39 IST" name="runScenario" description="Runs Cucumber Scenarios" data-provider="scenarios" finished-at="2022-03-03T13:07:39 IST" duration-ms="25" status="PASS">
          <params>
            <param index="0">
              <value>
                <![CDATA["Calculator UI Test opearotors"]]>
              </value>
            </param>
            <param index="1">
              <value>
                <![CDATA["Optional[Calcaulator application]"]]>
              </value>
            </param>
          </params>
          <reporter-output>
          </reporter-output>
        </test-method> <!-- runScenario -->
        <test-method signature="runScenario(io.cucumber.testng.PickleWrapper,io.cucumber.testng.FeatureWrapper)[pri:0, instance:calculator.TestCalculator@765d7657]" started-at="2022-03-03T13:07:39 IST" name="runScenario" description="Runs Cucumber Scenarios" data-provider="scenarios" finished-at="2022-03-03T13:07:39 IST" duration-ms="23" status="PASS">
          <params>
            <param index="0">
              <value>
                <![CDATA["Calculator UI Test opearotors"]]>
              </value>
            </param>
            <param index="1">
              <value>
                <![CDATA["Optional[Calcaulator application]"]]>
              </value>
            </param>
          </params>
          <reporter-output>
          </reporter-output>
        </test-method> <!-- runScenario -->
        <test-method signature="runScenario(io.cucumber.testng.PickleWrapper,io.cucumber.testng.FeatureWrapper)[pri:0, instance:calculator.TestCalculator@765d7657]" started-at="2022-03-03T13:07:39 IST" name="runScenario" description="Runs Cucumber Scenarios" data-provider="scenarios" finished-at="2022-03-03T13:07:39 IST" duration-ms="23" status="PASS">
          <params>
            <param index="0">
              <value>
                <![CDATA["Calculator UI Test opearotors"]]>
              </value>
            </param>
            <param index="1">
              <value>
                <![CDATA["Optional[Calcaulator application]"]]>
              </value>
            </param>
          </params>
          <reporter-output>
          </reporter-output>
        </test-method> <!-- runScenario -->
        <test-method signature="runScenario(io.cucumber.testng.PickleWrapper,io.cucumber.testng.FeatureWrapper)[pri:0, instance:calculator.TestCalculator@765d7657]" started-at="2022-03-03T13:07:39 IST" name="runScenario" description="Runs Cucumber Scenarios" data-provider="scenarios" finished-at="2022-03-03T13:07:39 IST" duration-ms="24" status="PASS">
          <params>
            <param index="0">
              <value>
                <![CDATA["Calculator UI Test opearotors"]]>
              </value>
            </param>
            <param index="1">
              <value>
                <![CDATA["Optional[Calcaulator application]"]]>
              </value>
            </param>
          </params>
          <reporter-output>
          </reporter-output>
        </test-method> <!-- runScenario -->
        <test-method signature="runScenario(io.cucumber.testng.PickleWrapper,io.cucumber.testng.FeatureWrapper)[pri:0, instance:calculator.TestCalculator@765d7657]" started-at="2022-03-03T13:07:39 IST" name="runScenario" description="Runs Cucumber Scenarios" data-provider="scenarios" finished-at="2022-03-03T13:07:39 IST" duration-ms="21" status="PASS">
          <params>
            <param index="0">
              <value>
                <![CDATA["Calculator UI Test opearotors"]]>
              </value>
            </param>
            <param index="1">
              <value>
                <![CDATA["Optional[Calcaulator application]"]]>
              </value>
            </param>
          </params>
          <reporter-output>
          </reporter-output>
        </test-method> <!-- runScenario -->
        <test-method signature="runScenario(io.cucumber.testng.PickleWrapper,io.cucumber.testng.FeatureWrapper)[pri:0, instance:calculator.TestCalculator@765d7657]" started-at="2022-03-03T13:07:39 IST" name="runScenario" description="Runs Cucumber Scenarios" data-provider="scenarios" finished-at="2022-03-03T13:07:39 IST" duration-ms="37" status="PASS">
          <params>
            <param index="0">
              <value>
                <![CDATA["Calculator UI Test Display screen"]]>
              </value>
            </param>
            <param index="1">
              <value>
                <![CDATA["Optional[Calcaulator application]"]]>
              </value>
            </param>
          </params>
          <reporter-output>
          </reporter-output>
        </test-method> <!-- runScenario -->
        <test-method signature="runScenario(io.cucumber.testng.PickleWrapper,io.cucumber.testng.FeatureWrapper)[pri:0, instance:calculator.TestCalculator@765d7657]" started-at="2022-03-03T13:07:39 IST" name="runScenario" description="Runs Cucumber Scenarios" data-provider="scenarios" finished-at="2022-03-03T13:07:39 IST" duration-ms="34" status="PASS">
          <params>
            <param index="0">
              <value>
                <![CDATA["Calculator UI Test Button color"]]>
              </value>
            </param>
            <param index="1">
              <value>
                <![CDATA["Optional[Calcaulator application]"]]>
              </value>
            </param>
          </params>
          <reporter-output>
          </reporter-output>
        </test-method> <!-- runScenario -->
        <test-method signature="runScenario(io.cucumber.testng.PickleWrapper,io.cucumber.testng.FeatureWrapper)[pri:0, instance:calculator.TestCalculator@765d7657]" started-at="2022-03-03T13:07:39 IST" name="runScenario" description="Runs Cucumber Scenarios" data-provider="scenarios" finished-at="2022-03-03T13:07:39 IST" duration-ms="29" status="PASS">
          <params>
            <param index="0">
              <value>
                <![CDATA["Calculator UI Test Button color"]]>
              </value>
            </param>
            <param index="1">
              <value>
                <![CDATA["Optional[Calcaulator application]"]]>
              </value>
            </param>
          </params>
          <reporter-output>
          </reporter-output>
        </test-method> <!-- runScenario -->
        <test-method signature="runScenario(io.cucumber.testng.PickleWrapper,io.cucumber.testng.FeatureWrapper)[pri:0, instance:calculator.TestCalculator@765d7657]" started-at="2022-03-03T13:07:39 IST" name="runScenario" description="Runs Cucumber Scenarios" data-provider="scenarios" finished-at="2022-03-03T13:07:39 IST" duration-ms="28" status="PASS">
          <params>
            <param index="0">
              <value>
                <![CDATA["Calculator UI Test Button color"]]>
              </value>
            </param>
            <param index="1">
              <value>
                <![CDATA["Optional[Calcaulator application]"]]>
              </value>
            </param>
          </params>
          <reporter-output>
          </reporter-output>
        </test-method> <!-- runScenario -->
        <test-method signature="runScenario(io.cucumber.testng.PickleWrapper,io.cucumber.testng.FeatureWrapper)[pri:0, instance:calculator.TestCalculator@765d7657]" started-at="2022-03-03T13:07:39 IST" name="runScenario" description="Runs Cucumber Scenarios" data-provider="scenarios" finished-at="2022-03-03T13:07:39 IST" duration-ms="26" status="PASS">
          <params>
            <param index="0">
              <value>
                <![CDATA["Calculator UI Test Button color"]]>
              </value>
            </param>
            <param index="1">
              <value>
                <![CDATA["Optional[Calcaulator application]"]]>
              </value>
            </param>
          </params>
          <reporter-output>
          </reporter-output>
        </test-method> <!-- runScenario -->
        <test-method signature="runScenario(io.cucumber.testng.PickleWrapper,io.cucumber.testng.FeatureWrapper)[pri:0, instance:calculator.TestCalculator@765d7657]" started-at="2022-03-03T13:07:39 IST" name="runScenario" description="Runs Cucumber Scenarios" data-provider="scenarios" finished-at="2022-03-03T13:07:39 IST" duration-ms="25" status="PASS">
          <params>
            <param index="0">
              <value>
                <![CDATA["Calculator UI Test Button color"]]>
              </value>
            </param>
            <param index="1">
              <value>
                <![CDATA["Optional[Calcaulator application]"]]>
              </value>
            </param>
          </params>
          <reporter-output>
          </reporter-output>
        </test-method> <!-- runScenario -->
        <test-method signature="runScenario(io.cucumber.testng.PickleWrapper,io.cucumber.testng.FeatureWrapper)[pri:0, instance:calculator.TestCalculator@765d7657]" started-at="2022-03-03T13:07:39 IST" name="runScenario" description="Runs Cucumber Scenarios" data-provider="scenarios" finished-at="2022-03-03T13:07:39 IST" duration-ms="39" status="PASS">
          <params>
            <param index="0">
              <value>
                <![CDATA["Calculator number should come on display screen"]]>
              </value>
            </param>
            <param index="1">
              <value>
                <![CDATA["Optional[Calcaulator application]"]]>
              </value>
            </param>
          </params>
          <reporter-output>
          </reporter-output>
        </test-method> <!-- runScenario -->
        <test-method signature="runScenario(io.cucumber.testng.PickleWrapper,io.cucumber.testng.FeatureWrapper)[pri:0, instance:calculator.TestCalculator@765d7657]" started-at="2022-03-03T13:07:39 IST" name="runScenario" description="Runs Cucumber Scenarios" data-provider="scenarios" finished-at="2022-03-03T13:07:39 IST" duration-ms="40" status="PASS">
          <params>
            <param index="0">
              <value>
                <![CDATA["Calculator number should come on display screen"]]>
              </value>
            </param>
            <param index="1">
              <value>
                <![CDATA["Optional[Calcaulator application]"]]>
              </value>
            </param>
          </params>
          <reporter-output>
          </reporter-output>
        </test-method> <!-- runScenario -->
        <test-method signature="runScenario(io.cucumber.testng.PickleWrapper,io.cucumber.testng.FeatureWrapper)[pri:0, instance:calculator.TestCalculator@765d7657]" started-at="2022-03-03T13:07:39 IST" name="runScenario" description="Runs Cucumber Scenarios" data-provider="scenarios" finished-at="2022-03-03T13:07:39 IST" duration-ms="43" status="PASS">
          <params>
            <param index="0">
              <value>
                <![CDATA["Calculator number should come on display screen"]]>
              </value>
            </param>
            <param index="1">
              <value>
                <![CDATA["Optional[Calcaulator application]"]]>
              </value>
            </param>
          </params>
          <reporter-output>
          </reporter-output>
        </test-method> <!-- runScenario -->
        <test-method signature="runScenario(io.cucumber.testng.PickleWrapper,io.cucumber.testng.FeatureWrapper)[pri:0, instance:calculator.TestCalculator@765d7657]" started-at="2022-03-03T13:07:39 IST" name="runScenario" description="Runs Cucumber Scenarios" data-provider="scenarios" finished-at="2022-03-03T13:07:39 IST" duration-ms="39" status="PASS">
          <params>
            <param index="0">
              <value>
                <![CDATA["Calculator number should come on display screen"]]>
              </value>
            </param>
            <param index="1">
              <value>
                <![CDATA["Optional[Calcaulator application]"]]>
              </value>
            </param>
          </params>
          <reporter-output>
          </reporter-output>
        </test-method> <!-- runScenario -->
        <test-method signature="runScenario(io.cucumber.testng.PickleWrapper,io.cucumber.testng.FeatureWrapper)[pri:0, instance:calculator.TestCalculator@765d7657]" started-at="2022-03-03T13:07:39 IST" name="runScenario" description="Runs Cucumber Scenarios" data-provider="scenarios" finished-at="2022-03-03T13:07:39 IST" duration-ms="39" status="PASS">
          <params>
            <param index="0">
              <value>
                <![CDATA["Calculator number should come on display screen"]]>
              </value>
            </param>
            <param index="1">
              <value>
                <![CDATA["Optional[Calcaulator application]"]]>
              </value>
            </param>
          </params>
          <reporter-output>
          </reporter-output>
        </test-method> <!-- runScenario -->
        <test-method signature="runScenario(io.cucumber.testng.PickleWrapper,io.cucumber.testng.FeatureWrapper)[pri:0, instance:calculator.TestCalculator@765d7657]" started-at="2022-03-03T13:07:39 IST" name="runScenario" description="Runs Cucumber Scenarios" data-provider="scenarios" finished-at="2022-03-03T13:07:39 IST" duration-ms="37" status="PASS">
          <params>
            <param index="0">
              <value>
                <![CDATA["Calculator number should come on display screen"]]>
              </value>
            </param>
            <param index="1">
              <value>
                <![CDATA["Optional[Calcaulator application]"]]>
              </value>
            </param>
          </params>
          <reporter-output>
          </reporter-output>
        </test-method> <!-- runScenario -->
        <test-method signature="runScenario(io.cucumber.testng.PickleWrapper,io.cucumber.testng.FeatureWrapper)[pri:0, instance:calculator.TestCalculator@765d7657]" started-at="2022-03-03T13:07:39 IST" name="runScenario" description="Runs Cucumber Scenarios" data-provider="scenarios" finished-at="2022-03-03T13:07:39 IST" duration-ms="34" status="PASS">
          <params>
            <param index="0">
              <value>
                <![CDATA["Calculator number should come on display screen"]]>
              </value>
            </param>
            <param index="1">
              <value>
                <![CDATA["Optional[Calcaulator application]"]]>
              </value>
            </param>
          </params>
          <reporter-output>
          </reporter-output>
        </test-method> <!-- runScenario -->
        <test-method signature="runScenario(io.cucumber.testng.PickleWrapper,io.cucumber.testng.FeatureWrapper)[pri:0, instance:calculator.TestCalculator@765d7657]" started-at="2022-03-03T13:07:39 IST" name="runScenario" description="Runs Cucumber Scenarios" data-provider="scenarios" finished-at="2022-03-03T13:07:39 IST" duration-ms="47" status="PASS">
          <params>
            <param index="0">
              <value>
                <![CDATA["Calculator number should come on display screen"]]>
              </value>
            </param>
            <param index="1">
              <value>
                <![CDATA["Optional[Calcaulator application]"]]>
              </value>
            </param>
          </params>
          <reporter-output>
          </reporter-output>
        </test-method> <!-- runScenario -->
        <test-method signature="runScenario(io.cucumber.testng.PickleWrapper,io.cucumber.testng.FeatureWrapper)[pri:0, instance:calculator.TestCalculator@765d7657]" started-at="2022-03-03T13:07:39 IST" name="runScenario" description="Runs Cucumber Scenarios" data-provider="scenarios" finished-at="2022-03-03T13:07:39 IST" duration-ms="43" status="PASS">
          <params>
            <param index="0">
              <value>
                <![CDATA["Calculator number should come on display screen"]]>
              </value>
            </param>
            <param index="1">
              <value>
                <![CDATA["Optional[Calcaulator application]"]]>
              </value>
            </param>
          </params>
          <reporter-output>
          </reporter-output>
        </test-method> <!-- runScenario -->
        <test-method signature="runScenario(io.cucumber.testng.PickleWrapper,io.cucumber.testng.FeatureWrapper)[pri:0, instance:calculator.TestCalculator@765d7657]" started-at="2022-03-03T13:07:39 IST" name="runScenario" description="Runs Cucumber Scenarios" data-provider="scenarios" finished-at="2022-03-03T13:07:39 IST" duration-ms="42" status="PASS">
          <params>
            <param index="0">
              <value>
                <![CDATA["Calculator number should come on display screen"]]>
              </value>
            </param>
            <param index="1">
              <value>
                <![CDATA["Optional[Calcaulator application]"]]>
              </value>
            </param>
          </params>
          <reporter-output>
          </reporter-output>
        </test-method> <!-- runScenario -->
        <test-method signature="runScenario(io.cucumber.testng.PickleWrapper,io.cucumber.testng.FeatureWrapper)[pri:0, instance:calculator.TestCalculator@765d7657]" started-at="2022-03-03T13:07:39 IST" name="runScenario" description="Runs Cucumber Scenarios" data-provider="scenarios" finished-at="2022-03-03T13:07:39 IST" duration-ms="75" status="PASS">
          <params>
            <param index="0">
              <value>
                <![CDATA["Calculator Add functionality"]]>
              </value>
            </param>
            <param index="1">
              <value>
                <![CDATA["Optional[Calcaulator application]"]]>
              </value>
            </param>
          </params>
          <reporter-output>
          </reporter-output>
        </test-method> <!-- runScenario -->
        <test-method signature="runScenario(io.cucumber.testng.PickleWrapper,io.cucumber.testng.FeatureWrapper)[pri:0, instance:calculator.TestCalculator@765d7657]" started-at="2022-03-03T13:07:39 IST" name="runScenario" description="Runs Cucumber Scenarios" data-provider="scenarios" finished-at="2022-03-03T13:07:39 IST" duration-ms="77" status="PASS">
          <params>
            <param index="0">
              <value>
                <![CDATA["Calculator Add functionality"]]>
              </value>
            </param>
            <param index="1">
              <value>
                <![CDATA["Optional[Calcaulator application]"]]>
              </value>
            </param>
          </params>
          <reporter-output>
          </reporter-output>
        </test-method> <!-- runScenario -->
        <test-method signature="runScenario(io.cucumber.testng.PickleWrapper,io.cucumber.testng.FeatureWrapper)[pri:0, instance:calculator.TestCalculator@765d7657]" started-at="2022-03-03T13:07:39 IST" name="runScenario" description="Runs Cucumber Scenarios" data-provider="scenarios" finished-at="2022-03-03T13:07:39 IST" duration-ms="92" status="PASS">
          <params>
            <param index="0">
              <value>
                <![CDATA["Calculator Add functionality"]]>
              </value>
            </param>
            <param index="1">
              <value>
                <![CDATA["Optional[Calcaulator application]"]]>
              </value>
            </param>
          </params>
          <reporter-output>
          </reporter-output>
        </test-method> <!-- runScenario -->
        <test-method signature="runScenario(io.cucumber.testng.PickleWrapper,io.cucumber.testng.FeatureWrapper)[pri:0, instance:calculator.TestCalculator@765d7657]" started-at="2022-03-03T13:07:39 IST" name="runScenario" description="Runs Cucumber Scenarios" data-provider="scenarios" finished-at="2022-03-03T13:07:40 IST" duration-ms="92" status="PASS">
          <params>
            <param index="0">
              <value>
                <![CDATA["Calculator Add functionality"]]>
              </value>
            </param>
            <param index="1">
              <value>
                <![CDATA["Optional[Calcaulator application]"]]>
              </value>
            </param>
          </params>
          <reporter-output>
          </reporter-output>
        </test-method> <!-- runScenario -->
        <test-method signature="runScenario(io.cucumber.testng.PickleWrapper,io.cucumber.testng.FeatureWrapper)[pri:0, instance:calculator.TestCalculator@765d7657]" started-at="2022-03-03T13:07:40 IST" name="runScenario" description="Runs Cucumber Scenarios" data-provider="scenarios" finished-at="2022-03-03T13:07:40 IST" duration-ms="8" status="PASS">
          <params>
            <param index="0">
              <value>
                <![CDATA["Library add book functionality"]]>
              </value>
            </param>
            <param index="1">
              <value>
                <![CDATA["Optional[Calcaulator application]"]]>
              </value>
            </param>
          </params>
          <reporter-output>
          </reporter-output>
        </test-method> <!-- runScenario -->
        <test-method signature="runScenario(io.cucumber.testng.PickleWrapper,io.cucumber.testng.FeatureWrapper)[pri:0, instance:calculator.TestCalculator@765d7657]" started-at="2022-03-03T13:07:40 IST" name="runScenario" description="Runs Cucumber Scenarios" data-provider="scenarios" finished-at="2022-03-03T13:07:40 IST" duration-ms="6" status="FAIL">
          <params>
            <param index="0">
              <value>
                <![CDATA["Library add book functionality"]]>
              </value>
            </param>
            <param index="1">
              <value>
                <![CDATA["Optional[Calcaulator application]"]]>
              </value>
            </param>
          </params>
          <exception class="io.cucumber.core.exception.CucumberException">
            <message>
              <![CDATA[Step [Library has following book] is defined with 1 parameters at 'calculator.StepDefinitionCalculator.library_has_following_book(io.cucumber.datatable.DataTable)'.
However, the gherkin step has 0 arguments.
Step text: Library has following book]]>
            </message>
            <full-stacktrace>
              <![CDATA[io.cucumber.core.exception.CucumberException: Step [Library has following book] is defined with 1 parameters at 'calculator.StepDefinitionCalculator.library_has_following_book(io.cucumber.datatable.DataTable)'.
However, the gherkin step has 0 arguments.
Step text: Library has following book
at io.cucumber.core.runner.PickleStepDefinitionMatch.arityMismatch(PickleStepDefinitionMatch.java:83)
at io.cucumber.core.runner.PickleStepDefinitionMatch.runStep(PickleStepDefinitionMatch.java:42)
at io.cucumber.core.runner.ExecutionMode$1.execute(ExecutionMode.java:10)
at io.cucumber.core.runner.TestStep.executeStep(TestStep.java:86)
at io.cucumber.core.runner.TestStep.run(TestStep.java:57)
at io.cucumber.core.runner.PickleStepTestStep.run(PickleStepTestStep.java:51)
at io.cucumber.core.runner.TestCase.run(TestCase.java:95)
at io.cucumber.core.runner.Runner.runPickle(Runner.java:75)
at io.cucumber.testng.TestNGCucumberRunner.lambda$runScenario$1(TestNGCucumberRunner.java:132)
at io.cucumber.core.runtime.CucumberExecutionContext.lambda$runTestCase$3(CucumberExecutionContext.java:151)
at io.cucumber.core.runtime.RethrowingThrowableCollector.executeAndThrow(RethrowingThrowableCollector.java:23)
at io.cucumber.core.runtime.CucumberExecutionContext.runTestCase(CucumberExecutionContext.java:151)
at io.cucumber.testng.TestNGCucumberRunner.runScenario(TestNGCucumberRunner.java:129)
at io.cucumber.testng.AbstractTestNGCucumberTests.runScenario(AbstractTestNGCucumberTests.java:35)
at jdk.internal.reflect.GeneratedMethodAccessor1.invoke(Unknown Source)
at java.base/jdk.internal.reflect.DelegatingMethodAccessorImpl.invoke(DelegatingMethodAccessorImpl.java:43)
at java.base/java.lang.reflect.Method.invoke(Method.java:568)
at org.testng.internal.invokers.MethodInvocationHelper.invokeMethod(MethodInvocationHelper.java:135)
at org.testng.internal.invokers.TestInvoker.invokeMethod(TestInvoker.java:673)
at org.testng.internal.invokers.TestInvoker.invokeTestMethod(TestInvoker.java:220)
at org.testng.internal.invokers.MethodRunner.runInSequence(MethodRunner.java:50)
at org.testng.internal.invokers.TestInvoker$MethodInvocationAgent.invoke(TestInvoker.java:945)
at org.testng.internal.invokers.TestInvoker.invokeTestMethods(TestInvoker.java:193)
at org.testng.internal.invokers.TestMethodWorker.invokeTestMethods(TestMethodWorker.java:146)
at org.testng.internal.invokers.TestMethodWorker.run(TestMethodWorker.java:128)
at java.base/java.util.ArrayList.forEach(ArrayList.java:1511)
at org.testng.TestRunner.privateRun(TestRunner.java:808)
at org.testng.TestRunner.run(TestRunner.java:603)
at org.testng.SuiteRunner.runTest(SuiteRunner.java:429)
at org.testng.SuiteRunner.runSequentially(SuiteRunner.java:423)
at org.testng.SuiteRunner.privateRun(SuiteRunner.java:383)
at org.testng.SuiteRunner.run(SuiteRunner.java:326)
at org.testng.SuiteRunnerWorker.runSuite(SuiteRunnerWorker.java:52)
at org.testng.SuiteRunnerWorker.run(SuiteRunnerWorker.java:95)
at org.testng.TestNG.runSuitesSequentially(TestNG.java:1249)
at org.testng.TestNG.runSuitesLocally(TestNG.java:1169)
at org.testng.TestNG.runSuites(TestNG.java:1092)
at org.testng.TestNG.run(TestNG.java:1060)
at org.testng.remote.AbstractRemoteTestNG.run(AbstractRemoteTestNG.java:115)
at org.testng.remote.RemoteTestNG.initAndRun(RemoteTestNG.java:251)
at org.testng.remote.RemoteTestNG.main(RemoteTestNG.java:77)
]]>
            </full-stacktrace>
          </exception> <!-- io.cucumber.core.exception.CucumberException -->
          <reporter-output>
          </reporter-output>
        </test-method> <!-- runScenario -->
        <test-method is-config="true" signature="tearDownClass()[pri:0, instance:calculator.TestCalculator@765d7657]" started-at="2022-03-03T13:07:40 IST" name="tearDownClass" finished-at="2022-03-03T13:07:40 IST" duration-ms="6" status="PASS">
          <reporter-output>
          </reporter-output>
        </test-method> <!-- tearDownClass -->
      </class> <!-- calculator.TestCalculator -->
    </test> <!-- Calculator -->
  </suite> <!-- TestOrangeHRM -->
</testng-results>
