<?xml version="1.0" encoding="UTF-8"?>
<!-- Generated by org.testng.reporters.JUnitXMLReporter -->
<testsuite ignored="0" hostname="EPINHYDW0D30" failures="0" tests="3" name="Default test" time="2.925" errors="0" timestamp="2022-02-14T09:39:57 IST">
  <testcase classname="TestAutomation.RestAsuured.TestAssign" name="testAuthenticateUsers" time="0.285"/>
  <testcase classname="TestAutomation.RestAsuured.TestAssign" name="testUnAuthenticateUsers" time="0.23"/>
  <testcase classname="TestAutomation.RestAsuured.TestAssign" name="testUnAuthenticateUsersWithoutToken" time="0.209"/>
</testsuite> <!-- Default test -->
