<?xml version="1.0" encoding="UTF-8"?>
<!-- Generated by org.testng.reporters.JUnitXMLReporter -->
<testsuite ignored="0" hostname="EPINHYDW0D30" failures="0" tests="4" name="Default test" time="2.754" errors="0" timestamp="2022-02-14T12:43:30 IST">
  <testcase classname="TestAutomation.RestAsuured.TestAssignOtherCode" name="testApiPOSTResponse" time="0.264"/>
  <testcase classname="TestAutomation.RestAsuured.TestAssignOtherCode" name="testApiGETResponse" time="0.234"/>
  <testcase classname="TestAutomation.RestAsuured.TestAssignOtherCode" name="testApiPUTResponse" time="0.249"/>
  <testcase classname="TestAutomation.RestAsuured.TestAssignOtherCode" name="testApiDELETEResponse" time="0.245"/>
</testsuite> <!-- Default test -->
