<?xml version="1.0" encoding="UTF-8"?>
<testng-results ignored="0" total="6" passed="6" failed="0" skipped="0">
  <reporter-output>
  </reporter-output>
  <suite started-at="2022-03-08T21:51:12 IST" name="API TESTING" finished-at="2022-03-08T21:51:25 IST" duration-ms="12442">
    <groups>
    </groups>
    <test started-at="2022-03-08T21:51:12 IST" name="PunchInOut" finished-at="2022-03-08T21:51:25 IST" duration-ms="12442">
      <class name="TestAutomation.RestApiTestingProject.TestOrangeHRM">
        <test-method is-config="true" signature="setup(org.testng.ITestContext)[pri:0, instance:TestAutomation.RestApiTestingProject.TestOrangeHRM@5f058f00]" started-at="2022-03-08T21:51:12 IST" name="setup" finished-at="2022-03-08T21:51:13 IST" duration-ms="396" status="PASS">
          <params>
            <param index="0">
              <value>
                <![CDATA[org.testng.TestRunner@4b41587d]]>
              </value>
            </param>
          </params>
          <reporter-output>
          </reporter-output>
        </test-method> <!-- setup -->
        <test-method signature="testAttendanceSheet()[pri:1, instance:TestAutomation.RestApiTestingProject.TestOrangeHRM@5f058f00]" started-at="2022-03-08T21:51:13 IST" name="testAttendanceSheet" finished-at="2022-03-08T21:51:16 IST" duration-ms="2859" status="PASS">
          <reporter-output>
          </reporter-output>
        </test-method> <!-- testAttendanceSheet -->
        <test-method signature="testAttendanceSheetWithIdResponse()[pri:2, instance:TestAutomation.RestApiTestingProject.TestOrangeHRM@5f058f00]" started-at="2022-03-08T21:51:16 IST" name="testAttendanceSheetWithIdResponse" finished-at="2022-03-08T21:51:18 IST" duration-ms="2134" status="PASS">
          <reporter-output>
          </reporter-output>
        </test-method> <!-- testAttendanceSheetWithIdResponse -->
        <test-method signature="testPunchInOutConfig()[pri:3, instance:TestAutomation.RestApiTestingProject.TestOrangeHRM@5f058f00]" started-at="2022-03-08T21:51:18 IST" name="testPunchInOutConfig" finished-at="2022-03-08T21:51:19 IST" duration-ms="1581" status="PASS">
          <reporter-output>
          </reporter-output>
        </test-method> <!-- testPunchInOutConfig -->
        <test-method signature="testPunchIn()[pri:4, instance:TestAutomation.RestApiTestingProject.TestOrangeHRM@5f058f00]" started-at="2022-03-08T21:51:19 IST" name="testPunchIn" finished-at="2022-03-08T21:51:21 IST" duration-ms="1942" status="PASS">
          <reporter-output>
          </reporter-output>
        </test-method> <!-- testPunchIn -->
        <test-method signature="testPunchOut()[pri:5, instance:TestAutomation.RestApiTestingProject.TestOrangeHRM@5f058f00]" started-at="2022-03-08T21:51:21 IST" name="testPunchOut" finished-at="2022-03-08T21:51:23 IST" duration-ms="1895" status="PASS">
          <reporter-output>
          </reporter-output>
        </test-method> <!-- testPunchOut -->
        <test-method signature="testDelete()[pri:6, instance:TestAutomation.RestApiTestingProject.TestOrangeHRM@5f058f00]" started-at="2022-03-08T21:51:23 IST" name="testDelete" finished-at="2022-03-08T21:51:25 IST" duration-ms="1606" status="PASS">
          <reporter-output>
          </reporter-output>
        </test-method> <!-- testDelete -->
      </class> <!-- TestAutomation.RestApiTestingProject.TestOrangeHRM -->
    </test> <!-- PunchInOut -->
  </suite> <!-- API TESTING -->
</testng-results>
