<?xml version="1.0" encoding="UTF-8"?>
<testng-results ignored="0" total="5" passed="5" failed="0" skipped="0">
  <reporter-output>
  </reporter-output>
  <suite started-at="2022-03-10T20:55:21 IST" name="TestOrangeHRM" finished-at="2022-03-10T20:56:56 IST" duration-ms="95260">
    <groups>
    </groups>
    <test started-at="2022-03-10T20:55:21 IST" name="PunchInOut" finished-at="2022-03-10T20:56:56 IST" duration-ms="95260">
      <class name="uiAutomation.TestOrangeHrmUsingSelenium">
        <test-method is-config="true" signature="setup(org.testng.ITestContext)[pri:0, instance:uiAutomation.TestOrangeHrmUsingSelenium@4135c3b]" started-at="2022-03-10T20:55:21 IST" name="setup" finished-at="2022-03-10T20:55:29 IST" duration-ms="7460" status="PASS">
          <params>
            <param index="0">
              <value>
                <![CDATA[org.testng.TestRunner@6fa13e6]]>
              </value>
            </param>
          </params>
          <reporter-output>
          </reporter-output>
        </test-method> <!-- setup -->
        <test-method signature="testLoginPage()[pri:1, instance:uiAutomation.TestOrangeHrmUsingSelenium@4135c3b]" started-at="2022-03-10T20:55:29 IST" name="testLoginPage" finished-at="2022-03-10T20:55:43 IST" duration-ms="14847" status="PASS">
          <reporter-output>
          </reporter-output>
        </test-method> <!-- testLoginPage -->
        <test-method signature="testDeletePunchInOutRecordsAndGetTotalHoursBeforePunch()[pri:2, instance:uiAutomation.TestOrangeHrmUsingSelenium@4135c3b]" started-at="2022-03-10T20:55:43 IST" name="testDeletePunchInOutRecordsAndGetTotalHoursBeforePunch" finished-at="2022-03-10T20:56:04 IST" duration-ms="20461" status="PASS">
          <reporter-output>
          </reporter-output>
        </test-method> <!-- testDeletePunchInOutRecordsAndGetTotalHoursBeforePunch -->
        <test-method signature="testPunchInOutAndVerifyPunchOutTimeGreaterThanPunchInTime()[pri:3, instance:uiAutomation.TestOrangeHrmUsingSelenium@4135c3b]" started-at="2022-03-10T20:56:04 IST" name="testPunchInOutAndVerifyPunchOutTimeGreaterThanPunchInTime" finished-at="2022-03-10T20:56:38 IST" duration-ms="34320" status="PASS">
          <reporter-output>
          </reporter-output>
        </test-method> <!-- testPunchInOutAndVerifyPunchOutTimeGreaterThanPunchInTime -->
        <test-method signature="testOverlappingMessage()[pri:4, instance:uiAutomation.TestOrangeHrmUsingSelenium@4135c3b]" started-at="2022-03-10T20:56:38 IST" name="testOverlappingMessage" finished-at="2022-03-10T20:56:41 IST" duration-ms="2951" status="PASS">
          <reporter-output>
          </reporter-output>
        </test-method> <!-- testOverlappingMessage -->
        <test-method signature="testTotalHoursAfterPunchAndVerify()[pri:5, instance:uiAutomation.TestOrangeHrmUsingSelenium@4135c3b]" started-at="2022-03-10T20:56:41 IST" name="testTotalHoursAfterPunchAndVerify" finished-at="2022-03-10T20:56:56 IST" duration-ms="15166" status="PASS">
          <reporter-output>
          </reporter-output>
        </test-method> <!-- testTotalHoursAfterPunchAndVerify -->
      </class> <!-- uiAutomation.TestOrangeHrmUsingSelenium -->
    </test> <!-- PunchInOut -->
  </suite> <!-- TestOrangeHRM -->
</testng-results>
