<?xml version="1.0" encoding="UTF-8"?>
<testng-results ignored="0" total="4" passed="4" failed="0" skipped="0">
  <reporter-output>
  </reporter-output>
  <suite started-at="2022-03-09T23:09:16 IST" name="TestOrangeHRM" finished-at="2022-03-09T23:10:02 IST" duration-ms="45641">
    <groups>
    </groups>
    <test started-at="2022-03-09T23:09:16 IST" name="PunchInOut" finished-at="2022-03-09T23:10:02 IST" duration-ms="45641">
      <class name="uiAutomation.TestOrangeHrmUsingSelenium">
        <test-method is-config="true" signature="setup(org.testng.ITestContext)[pri:0, instance:uiAutomation.TestOrangeHrmUsingSelenium@6302bbb1]" started-at="2022-03-09T23:09:16 IST" name="setup" finished-at="2022-03-09T23:09:23 IST" duration-ms="6883" status="PASS">
          <params>
            <param index="0">
              <value>
                <![CDATA[org.testng.TestRunner@28e19366]]>
              </value>
            </param>
          </params>
          <reporter-output>
          </reporter-output>
        </test-method> <!-- setup -->
        <test-method signature="testLoginPage()[pri:1, instance:uiAutomation.TestOrangeHrmUsingSelenium@6302bbb1]" started-at="2022-03-09T23:09:23 IST" name="testLoginPage" finished-at="2022-03-09T23:09:31 IST" duration-ms="7694" status="PASS">
          <reporter-output>
          </reporter-output>
        </test-method> <!-- testLoginPage -->
        <test-method signature="testDashboardPage()[pri:2, instance:uiAutomation.TestOrangeHrmUsingSelenium@6302bbb1]" started-at="2022-03-09T23:09:31 IST" name="testDashboardPage" finished-at="2022-03-09T23:09:36 IST" duration-ms="5341" status="PASS">
          <reporter-output>
          </reporter-output>
        </test-method> <!-- testDashboardPage -->
        <test-method signature="testAttendanceSheetPage()[pri:3, instance:uiAutomation.TestOrangeHrmUsingSelenium@6302bbb1]" started-at="2022-03-09T23:09:36 IST" name="testAttendanceSheetPage" finished-at="2022-03-09T23:09:41 IST" duration-ms="5152" status="PASS">
          <reporter-output>
          </reporter-output>
        </test-method> <!-- testAttendanceSheetPage -->
        <test-method signature="testPunchInAndOutPage()[pri:4, instance:uiAutomation.TestOrangeHrmUsingSelenium@6302bbb1]" started-at="2022-03-09T23:09:41 IST" name="testPunchInAndOutPage" finished-at="2022-03-09T23:10:02 IST" duration-ms="20528" status="PASS">
          <reporter-output>
          </reporter-output>
        </test-method> <!-- testPunchInAndOutPage -->
      </class> <!-- uiAutomation.TestOrangeHrmUsingSelenium -->
    </test> <!-- PunchInOut -->
  </suite> <!-- TestOrangeHRM -->
</testng-results>
