<?xml version="1.0" encoding="UTF-8"?>
<!-- Generated by org.testng.reporters.JUnitXMLReporter -->
<testsuite ignored="0" hostname="EPINHYDW0D30" failures="0" tests="4" name="PunchInOut" time="45.641" errors="0" timestamp="2022-03-09T23:10:02 IST">
  <testcase classname="uiAutomation.TestOrangeHrmUsingSelenium" name="testLoginPage" time="7.694"/>
  <testcase classname="uiAutomation.TestOrangeHrmUsingSelenium" name="testDashboardPage" time="5.341"/>
  <testcase classname="uiAutomation.TestOrangeHrmUsingSelenium" name="testAttendanceSheetPage" time="5.152"/>
  <testcase classname="uiAutomation.TestOrangeHrmUsingSelenium" name="testPunchInAndOutPage" time="20.528"/>
</testsuite> <!-- PunchInOut -->
