<?xml version="1.0" encoding="UTF-8"?>
<!-- Generated by org.testng.reporters.JUnitXMLReporter -->
<testsuite ignored="0" hostname="EPINHYDW0D30" failures="1" tests="5" name="PunchInOut" time="48.055" errors="0" timestamp="2022-03-09T23:01:25 IST">
  <testcase classname="uiAutomation.TestOrangeHrmUsingSelenium" name="testLoginPage" time="8.509"/>
  <testcase classname="uiAutomation.TestOrangeHrmUsingSelenium" name="testDashboardPage" time="5.27"/>
  <testcase classname="uiAutomation.TestOrangeHrmUsingSelenium" name="testAttendanceSheetPage" time="5.175"/>
  <testcase classname="uiAutomation.TestOrangeHrmUsingSelenium" name="testPunchInAndOutPage" time="20.703"/>
  <testcase classname="uiAutomation.TestOrangeHrmUsingSelenium" name="testOverlappingMessage" time="1.141">
    <failure type="org.openqa.selenium.ElementClickInterceptedException" message="element click intercepted: Element &amp;lt;input materializecss-input=&amp;quot;&amp;quot; id=&amp;quot;time&amp;quot; sf-changed=&amp;quot;form&amp;quot; type=&amp;quot;text&amp;quot; placeholder=&amp;quot;HH:MM&amp;quot; ng-disabled=&amp;quot;form.readonly&amp;quot; schema-validate=&amp;quot;form&amp;quot; ng-model=&amp;quot;model[&amp;apos;time&amp;apos;]&amp;quot; ng-model-options=&amp;quot;form.ngModelOptions&amp;quot; ohrm-make-element-non-pristine=&amp;quot;form.removePristine&amp;quot; ng-attr-autocomplete=&amp;quot;{{form.autocompleteOff}}&amp;quot; class=&amp;quot;ng-touched ng-dirty ng-valid-punch-out-time ng-valid-overlapping-records ng-not-empty ng-valid-parse ng-valid-required-for-dirty ng-valid-time-format ng-valid-schema-form ng-pending&amp;quot; style=&amp;quot;&amp;quot;&amp;gt; is not clickable at point (726, 205). Other element would receive the click: &amp;lt;div id=&amp;quot;preloader&amp;quot; class=&amp;quot;center-align loading&amp;quot;&amp;gt;...&amp;lt;/div&amp;gt;
  (Session info: chrome=99.0.4844.51)
Build info: version: &amp;apos;4.1.2&amp;apos;, revision: &amp;apos;9a5a329c5a&amp;apos;
System info: host: &amp;apos;EPINHYDW0D30&amp;apos;, ip: &amp;apos;192.168.8.111&amp;apos;, os.name: &amp;apos;Windows 10&amp;apos;, os.arch: &amp;apos;amd64&amp;apos;, os.version: &amp;apos;10.0&amp;apos;, java.version: &amp;apos;17.0.1&amp;apos;
Driver info: org.openqa.selenium.chrome.ChromeDriver
Command: [01a6fcf5046ce2c224617317037f1223, clickElement {id=7e4c64ea-4348-49f5-9e39-f5392224ea35}]
Capabilities {acceptInsecureCerts: false, browserName: chrome, browserVersion: 99.0.4844.51, chrome: {chromedriverVersion: 98.0.4758.48 (d869ab3eda606..., userDataDir: C:\Users\RAHUL_~1\AppData\L...}, goog:chromeOptions: {debuggerAddress: localhost:50454}, javascriptEnabled: true, networkConnectionEnabled: false, pageLoadStrategy: normal, platform: WINDOWS, platformName: WINDOWS, proxy: Proxy(), se:cdp: ws://localhost:50454/devtoo..., se:cdpVersion: 99.0.4844.51, setWindowRect: true, strictFileInteractability: false, timeouts: {implicit: 0, pageLoad: 300000, script: 30000}, unhandledPromptBehavior: dismiss and notify, webauthn:extension:credBlob: true, webauthn:extension:largeBlob: true, webauthn:virtualAuthenticators: true}
Element: [[ChromeDriver: chrome on WINDOWS (01a6fcf5046ce2c224617317037f1223)] -&amp;gt; xpath: //input[@id=&amp;apos;time&amp;apos;]]
Session ID: 01a6fcf5046ce2c224617317037f1223">
      <![CDATA[org.openqa.selenium.ElementClickInterceptedException: element click intercepted: Element <input materializecss-input="" id="time" sf-changed="form" type="text" placeholder="HH:MM" ng-disabled="form.readonly" schema-validate="form" ng-model="model['time']" ng-model-options="form.ngModelOptions" ohrm-make-element-non-pristine="form.removePristine" ng-attr-autocomplete="{{form.autocompleteOff}}" class="ng-touched ng-dirty ng-valid-punch-out-time ng-valid-overlapping-records ng-not-empty ng-valid-parse ng-valid-required-for-dirty ng-valid-time-format ng-valid-schema-form ng-pending" style=""> is not clickable at point (726, 205). Other element would receive the click: <div id="preloader" class="center-align loading">...</div>
  (Session info: chrome=99.0.4844.51)
Build info: version: '4.1.2', revision: '9a5a329c5a'
System info: host: 'EPINHYDW0D30', ip: '192.168.8.111', os.name: 'Windows 10', os.arch: 'amd64', os.version: '10.0', java.version: '17.0.1'
Driver info: org.openqa.selenium.chrome.ChromeDriver
Command: [01a6fcf5046ce2c224617317037f1223, clickElement {id=7e4c64ea-4348-49f5-9e39-f5392224ea35}]
Capabilities {acceptInsecureCerts: false, browserName: chrome, browserVersion: 99.0.4844.51, chrome: {chromedriverVersion: 98.0.4758.48 (d869ab3eda606..., userDataDir: C:\Users\RAHUL_~1\AppData\L...}, goog:chromeOptions: {debuggerAddress: localhost:50454}, javascriptEnabled: true, networkConnectionEnabled: false, pageLoadStrategy: normal, platform: WINDOWS, platformName: WINDOWS, proxy: Proxy(), se:cdp: ws://localhost:50454/devtoo..., se:cdpVersion: 99.0.4844.51, setWindowRect: true, strictFileInteractability: false, timeouts: {implicit: 0, pageLoad: 300000, script: 30000}, unhandledPromptBehavior: dismiss and notify, webauthn:extension:credBlob: true, webauthn:extension:largeBlob: true, webauthn:virtualAuthenticators: true}
Element: [[ChromeDriver: chrome on WINDOWS (01a6fcf5046ce2c224617317037f1223)] -> xpath: //input[@id='time']]
Session ID: 01a6fcf5046ce2c224617317037f1223
at org.openqa.selenium.remote.codec.w3c.W3CHttpResponseCodec.createException(W3CHttpResponseCodec.java:200)
at org.openqa.selenium.remote.codec.w3c.W3CHttpResponseCodec.decode(W3CHttpResponseCodec.java:133)
at org.openqa.selenium.remote.codec.w3c.W3CHttpResponseCodec.decode(W3CHttpResponseCodec.java:53)
at org.openqa.selenium.remote.HttpCommandExecutor.execute(HttpCommandExecutor.java:184)
at org.openqa.selenium.remote.service.DriverCommandExecutor.invokeExecute(DriverCommandExecutor.java:167)
at org.openqa.selenium.remote.service.DriverCommandExecutor.execute(DriverCommandExecutor.java:142)
at org.openqa.selenium.remote.RemoteWebDriver.execute(RemoteWebDriver.java:558)
at org.openqa.selenium.remote.RemoteWebElement.execute(RemoteWebElement.java:251)
at org.openqa.selenium.remote.RemoteWebElement.click(RemoteWebElement.java:77)
at org.openqa.selenium.support.pagefactory.internal.LocatingElementHandler.invoke(LocatingElementHandler.java:52)
at jdk.proxy2/jdk.proxy2.$Proxy15.click(Unknown Source)
at uiAutromation.pages.PunchInAndOut.overlappingMessageVerification(PunchInAndOut.java:80)
at uiAutomation.TestOrangeHrmUsingSelenium.testOverlappingMessage(TestOrangeHrmUsingSelenium.java:98)
at java.base/java.util.ArrayList.forEach(ArrayList.java:1511)
... Removed 36 stack frames]]>
    </failure>
  </testcase> <!-- testOverlappingMessage -->
</testsuite> <!-- PunchInOut -->
