<?xml version="1.0" encoding="UTF-8"?>
<!-- Generated by org.testng.reporters.JUnitXMLReporter -->
<testsuite ignored="0" hostname="EPINHYDW0D30" failures="0" tests="5" name="PunchInOut" time="95.26" errors="0" timestamp="2022-03-10T20:56:56 IST">
  <testcase classname="uiAutomation.TestOrangeHrmUsingSelenium" name="testLoginPage" time="14.847"/>
  <testcase classname="uiAutomation.TestOrangeHrmUsingSelenium" name="testDeletePunchInOutRecordsAndGetTotalHoursBeforePunch" time="20.461"/>
  <testcase classname="uiAutomation.TestOrangeHrmUsingSelenium" name="testPunchInOutAndVerifyPunchOutTimeGreaterThanPunchInTime" time="34.32"/>
  <testcase classname="uiAutomation.TestOrangeHrmUsingSelenium" name="testOverlappingMessage" time="2.951"/>
  <testcase classname="uiAutomation.TestOrangeHrmUsingSelenium" name="testTotalHoursAfterPunchAndVerify" time="15.166"/>
</testsuite> <!-- PunchInOut -->
