<?xml version="1.0" encoding="UTF-8"?>
<!-- Generated by org.testng.reporters.JUnitXMLReporter -->
<testsuite ignored="0" hostname="EPINHYDW0D30" failures="0" tests="23" name="LibraryFunctionality" time="0.134" errors="0" timestamp="2022-02-09T16:03:15 IST">
  <testcase classname="TestAutomation.TestNG.TestCatalogue" name="testAddToLibraryWithUnsupportedObject" time="0.005"/>
  <testcase classname="TestAutomation.TestNG.TestCatalogue" name="testCatalogueAddBook" time="0.004"/>
  <testcase classname="TestAutomation.TestNG.TestCatalogue" name="testCatalogueAddBooks" time="0.002"/>
  <testcase classname="TestAutomation.TestNG.TestCatalogue" name="testCatalogueAddBooks" time="0.001"/>
  <testcase classname="TestAutomation.TestNG.TestCatalogue" name="testCatalogueAddBooks" time="0.002"/>
  <testcase classname="TestAutomation.TestNG.TestCatalogue" name="testCatalogueAddBooks" time="0.001"/>
  <testcase classname="TestAutomation.TestNG.TestCatalogue" name="testCatalogueAddBooks" time="0.001"/>
  <testcase classname="TestAutomation.TestNG.TestCatalogue" name="testCatalogueAddBooks" time="0.001"/>
  <testcase classname="TestAutomation.TestNG.TestCatalogue" name="testCatalogueAddBooks" time="0.001"/>
  <testcase classname="TestAutomation.TestNG.TestCatalogue" name="testCatalogueAddBooks" time="0.001"/>
  <testcase classname="TestAutomation.TestNG.TestCatalogue" name="testCatalogueAddBooks" time="0.001"/>
  <testcase classname="TestAutomation.TestNG.TestCatalogue" name="testCatalogueAddBooks" time="0.001"/>
  <testcase classname="TestAutomation.TestNG.TestCatalogue" name="testCatalogueRemoveNonExistingBook" time="0.001"/>
  <testcase classname="TestAutomation.TestNG.TestCatalogue" name="testCatalogueSearchByAuthorname" time="0.001"/>
  <testcase classname="TestAutomation.TestNG.TestCatalogue" name="testCatalogueSearchByAuthornameWhchDoesNotExist" time="0.001"/>
  <testcase classname="TestAutomation.TestNG.TestCatalogue" name="testCatalogueSearchByBookName" time="0.001"/>
  <testcase classname="TestAutomation.TestNG.TestCatalogue" name="testCatalogueSearchByBookNamePara" time="0.001"/>
  <testcase classname="TestAutomation.TestNG.TestCatalogue" name="testAddToLibraryWithSupportedObject" time="0.001"/>
  <testcase classname="TestAutomation.TestNG.TestCatalogue" name="testCatalogueAddBooks" time="0.001"/>
  <testcase classname="TestAutomation.TestNG.TestCatalogue" name="testCatalogueRemoveBook" time="0.001"/>
  <testcase classname="TestAutomation.TestNG.TestCatalogue" name="testCatalogueSearchByBookNamewhichDoesNotExist" time="0.001"/>
  <testcase classname="TestAutomation.TestNG.TestCatalogue" name="testARemoveNewlyAddedBook2" time="0.001"/>
  <testcase classname="TestAutomation.TestNG.TestCatalogue" name="testARemoveNewlyAddedBook" time="0.001"/>
</testsuite> <!-- LibraryFunctionality -->
