<?xml version="1.0" encoding="UTF-8"?>
<!-- Generated by org.testng.reporters.JUnitXMLReporter -->
<testsuite ignored="0" hostname="EPINHYDW0D30" failures="0" tests="6" name="TestWebdriver" time="11.395" errors="0" timestamp="2022-03-08T21:49:16 IST">
  <testcase classname="TestAutomation.RestApiTestingProject.TestOrangeHRM" name="testAttendanceSheet" time="2.739"/>
  <testcase classname="TestAutomation.RestApiTestingProject.TestOrangeHRM" name="testAttendanceSheetWithIdResponse" time="1.505"/>
  <testcase classname="TestAutomation.RestApiTestingProject.TestOrangeHRM" name="testPunchInOutConfig" time="1.59"/>
  <testcase classname="TestAutomation.RestApiTestingProject.TestOrangeHRM" name="testPunchIn" time="1.941"/>
  <testcase classname="TestAutomation.RestApiTestingProject.TestOrangeHRM" name="testPunchOut" time="1.575"/>
  <testcase classname="TestAutomation.RestApiTestingProject.TestOrangeHRM" name="testDelete" time="1.605"/>
</testsuite> <!-- TestWebdriver -->
