<?xml version="1.0" encoding="UTF-8"?>
<!-- Generated by org.testng.reporters.JUnitXMLReporter -->
<testsuite ignored="0" hostname="EPINHYDW0D30" failures="0" tests="1" name="GridTest" time="0.039" errors="0" timestamp="2022-02-23T11:32:17 IST">
  <testcase classname="testcases.TestLoginPage" name="@BeforeClass setup" time="0.008">
    <failure type="java.lang.NullPointerException" message="Cannot invoke &amp;quot;String.equalsIgnoreCase(String)&amp;quot; because &amp;quot;platformName&amp;quot; is null">
      <![CDATA[java.lang.NullPointerException: Cannot invoke "String.equalsIgnoreCase(String)" because "platformName" is null
at driverFactory.WebDriverFactoryProvider.getWebDriverFactory(WebDriverFactoryProvider.java:9)
at testcases.TestLoginPage.setup(TestLoginPage.java:22)
at java.base/java.util.ArrayList.forEach(ArrayList.java:1511)
... Removed 25 stack frames]]>
    </failure>
  </testcase> <!-- @BeforeClass setup -->
  <testcase classname="testcases.TestLoginPage" name="passMethod" time="0.0">
    <skipped/>
  </testcase> <!-- passMethod -->
</testsuite> <!-- GridTest -->
