<?xml version="1.0" encoding="UTF-8"?>
<!-- Generated by org.testng.reporters.JUnitXMLReporter -->
<testsuite ignored="0" hostname="EPINHYDW0D30" failures="0" tests="6" name="PunchInOut" time="12.442" errors="0" timestamp="2022-03-08T21:51:25 IST">
  <testcase classname="TestAutomation.RestApiTestingProject.TestOrangeHRM" name="testAttendanceSheet" time="2.859"/>
  <testcase classname="TestAutomation.RestApiTestingProject.TestOrangeHRM" name="testAttendanceSheetWithIdResponse" time="2.134"/>
  <testcase classname="TestAutomation.RestApiTestingProject.TestOrangeHRM" name="testPunchInOutConfig" time="1.581"/>
  <testcase classname="TestAutomation.RestApiTestingProject.TestOrangeHRM" name="testPunchIn" time="1.942"/>
  <testcase classname="TestAutomation.RestApiTestingProject.TestOrangeHRM" name="testPunchOut" time="1.895"/>
  <testcase classname="TestAutomation.RestApiTestingProject.TestOrangeHRM" name="testDelete" time="1.606"/>
</testsuite> <!-- PunchInOut -->
