<?xml version="1.0" encoding="UTF-8"?>
<!-- Generated by org.testng.reporters.JUnitXMLReporter -->
<testsuite ignored="0" hostname="EPINHYDW0D30" failures="0" tests="11" name="PunchInOut" time="25.612" errors="0" timestamp="2022-03-09T20:01:17 IST">
  <testcase classname="TestAutomation.RestApiTestingProject.TestOrangeHRMAPiTests" name="testAttendanceSheet" time="3.13"/>
  <testcase classname="TestAutomation.RestApiTestingProject.TestOrangeHRMAPiTests" name="testAttendanceSheetWithId" time="2.835"/>
  <testcase classname="TestAutomation.RestApiTestingProject.TestOrangeHRMAPiTests" name="testTotalhoursBefore" time="2.556"/>
  <testcase classname="TestAutomation.RestApiTestingProject.TestOrangeHRMAPiTests" name="testValidPunchIn" time="1.887"/>
  <testcase classname="TestAutomation.RestApiTestingProject.TestOrangeHRMAPiTests" name="testInvalidPunchIn" time="2.267"/>
  <testcase classname="TestAutomation.RestApiTestingProject.TestOrangeHRMAPiTests" name="testValidPunchOut" time="2.168"/>
  <testcase classname="TestAutomation.RestApiTestingProject.TestOrangeHRMAPiTests" name="testTotalhoursAfter" time="2.001"/>
  <testcase classname="TestAutomation.RestApiTestingProject.TestOrangeHRMAPiTests" name="testInvalidPunchOut" time="2.211"/>
  <testcase classname="TestAutomation.RestApiTestingProject.TestOrangeHRMAPiTests" name="testOverlappingPunchIn" time="1.949"/>
  <testcase classname="TestAutomation.RestApiTestingProject.TestOrangeHRMAPiTests" name="testDelete" time="1.535"/>
  <testcase classname="TestAutomation.RestApiTestingProject.TestOrangeHRMAPiTests" name="testTotalhoursAfterDelete" time="2.575"/>
</testsuite> <!-- PunchInOut -->
