<?xml version="1.0" encoding="UTF-8"?>
<!-- Generated by org.testng.reporters.JUnitXMLReporter -->
<testsuite ignored="0" hostname="EPINHYDW0D30" failures="2" tests="2" name="Default test" time="0.331" errors="0" timestamp="2022-03-06T12:20:51 IST">
  <testcase classname="io.cucumber.testng.AbstractTestNGCucumberTests" name="runScenario" time="0.093">
    <failure type="java.lang.NullPointerException" message="Cannot invoke &amp;quot;org.openqa.selenium.WebDriver.get(String)&amp;quot; because &amp;quot;practice.CucumberStepDefinitionImpl.driver&amp;quot; is null">
      <![CDATA[java.lang.NullPointerException: Cannot invoke "org.openqa.selenium.WebDriver.get(String)" because "practice.CucumberStepDefinitionImpl.driver" is null
at practice.CucumberStepDefinitionImpl.open_browser_login_page_and_username_is_and_password_is(CucumberStepDefinitionImpl.java:45)
at ✽.open BrowserLogin page And Username is 'Admin' and password is 'U@qBLVtm09'(file:///C:/Users/Rahul_Narendhula/Test%20Automation/BDDUsingCucumber/src/test/resources/features/userEdit.feature:5)
]]>
    </failure>
  </testcase> <!-- runScenario -->
  <testcase classname="io.cucumber.testng.AbstractTestNGCucumberTests" name="runScenario" time="0.011">
    <failure type="java.lang.NullPointerException" message="Cannot invoke &amp;quot;org.openqa.selenium.WebDriver.get(String)&amp;quot; because &amp;quot;practice.CucumberStepDefinitionImpl.driver&amp;quot; is null">
      <![CDATA[java.lang.NullPointerException: Cannot invoke "org.openqa.selenium.WebDriver.get(String)" because "practice.CucumberStepDefinitionImpl.driver" is null
at practice.CucumberStepDefinitionImpl.open_browser_login_page_and_username_is_and_password_is(CucumberStepDefinitionImpl.java:45)
at ✽.open BrowserLogin page And Username is 'Admin' and password is 'U@qBLVtm09'(file:///C:/Users/Rahul_Narendhula/Test%20Automation/BDDUsingCucumber/src/test/resources/features/userEdit.feature:5)
]]>
    </failure>
  </testcase> <!-- runScenario -->
</testsuite> <!-- Default test -->
