<?xml version="1.0" encoding="UTF-8"?>
<testng-results ignored="0" total="1" passed="1" failed="0" skipped="0">
  <reporter-output>
  </reporter-output>
  <suite started-at="2022-02-22T17:05:36 IST" name="Default suite" finished-at="2022-02-22T17:08:12 IST" duration-ms="156507">
    <groups>
    </groups>
    <test started-at="2022-02-22T17:05:36 IST" name="Default test" finished-at="2022-02-22T17:08:12 IST" duration-ms="156507">
      <class name="hubnode.TestOrangeHRMLoginPage">
        <test-method is-config="true" signature="setup()[pri:0, instance:hubnode.TestOrangeHRMLoginPage@2a798d51]" started-at="2022-02-22T17:05:36 IST" name="setup" finished-at="2022-02-22T17:08:12 IST" duration-ms="155999" status="PASS">
          <reporter-output>
          </reporter-output>
        </test-method> <!-- setup -->
        <test-method signature="testLoginFunctionality()[pri:1, instance:hubnode.TestOrangeHRMLoginPage@2a798d51]" started-at="2022-02-22T17:08:12 IST" name="testLoginFunctionality" finished-at="2022-02-22T17:08:12 IST" duration-ms="473" status="PASS">
          <reporter-output>
          </reporter-output>
        </test-method> <!-- testLoginFunctionality -->
      </class> <!-- hubnode.TestOrangeHRMLoginPage -->
    </test> <!-- Default test -->
  </suite> <!-- Default suite -->
</testng-results>
