<?xml version="1.0" encoding="UTF-8"?>
<!-- Generated by org.testng.reporters.JUnitXMLReporter -->
<testsuite ignored="0" hostname="EPINHYDW0D30" failures="0" tests="5" name="Default test" time="0.062" errors="0" timestamp="2022-03-10T19:16:52 IST">
  <testcase classname="uiAutomation.TestOrangeHrmUsingSelenium" name="@BeforeClass setup" time="0.011">
    <failure type="java.lang.NullPointerException" message="Cannot invoke &amp;quot;String.equalsIgnoreCase(String)&amp;quot; because &amp;quot;platformName&amp;quot; is null">
      <![CDATA[java.lang.NullPointerException: Cannot invoke "String.equalsIgnoreCase(String)" because "platformName" is null
at driverFactory.WebDriverFactoryProvider.getWebDriverFactory(WebDriverFactoryProvider.java:9)
at uiAutomation.TestOrangeHrmUsingSelenium.setup(TestOrangeHrmUsingSelenium.java:37)
at java.base/jdk.internal.reflect.NativeMethodAccessorImpl.invoke0(Native Method)
at java.base/jdk.internal.reflect.NativeMethodAccessorImpl.invoke(NativeMethodAccessorImpl.java:77)
at java.base/jdk.internal.reflect.DelegatingMethodAccessorImpl.invoke(DelegatingMethodAccessorImpl.java:43)
at java.base/java.lang.reflect.Method.invoke(Method.java:568)
at org.testng.internal.invokers.MethodInvocationHelper.invokeMethod(MethodInvocationHelper.java:135)
at org.testng.internal.invokers.MethodInvocationHelper.invokeMethodConsideringTimeout(MethodInvocationHelper.java:65)
at org.testng.internal.invokers.ConfigInvoker.invokeConfigurationMethod(ConfigInvoker.java:381)
at org.testng.internal.invokers.ConfigInvoker.invokeConfigurations(ConfigInvoker.java:319)
at org.testng.internal.invokers.TestMethodWorker.invokeBeforeClassMethods(TestMethodWorker.java:178)
at org.testng.internal.invokers.TestMethodWorker.run(TestMethodWorker.java:122)
at java.base/java.util.ArrayList.forEach(ArrayList.java:1511)
at org.testng.TestRunner.privateRun(TestRunner.java:808)
at org.testng.TestRunner.run(TestRunner.java:603)
at org.testng.SuiteRunner.runTest(SuiteRunner.java:429)
at org.testng.SuiteRunner.runSequentially(SuiteRunner.java:423)
at org.testng.SuiteRunner.privateRun(SuiteRunner.java:383)
at org.testng.SuiteRunner.run(SuiteRunner.java:326)
at org.testng.SuiteRunnerWorker.runSuite(SuiteRunnerWorker.java:52)
at org.testng.SuiteRunnerWorker.run(SuiteRunnerWorker.java:95)
at org.testng.TestNG.runSuitesSequentially(TestNG.java:1249)
at org.testng.TestNG.runSuitesLocally(TestNG.java:1169)
at org.testng.TestNG.runSuites(TestNG.java:1092)
at org.testng.TestNG.run(TestNG.java:1060)
at org.testng.remote.AbstractRemoteTestNG.run(AbstractRemoteTestNG.java:115)
at org.testng.remote.RemoteTestNG.initAndRun(RemoteTestNG.java:251)
at org.testng.remote.RemoteTestNG.main(RemoteTestNG.java:77)
]]>
    </failure>
  </testcase> <!-- @BeforeClass setup -->
  <testcase classname="uiAutomation.TestOrangeHrmUsingSelenium" name="testLoginPage" time="0.0">
    <skipped/>
  </testcase> <!-- testLoginPage -->
  <testcase classname="uiAutomation.TestOrangeHrmUsingSelenium" name="testDeletePunchInOutRecordsAndGetTotalHoursBeforePunch" time="0.0">
    <skipped/>
  </testcase> <!-- testDeletePunchInOutRecordsAndGetTotalHoursBeforePunch -->
  <testcase classname="uiAutomation.TestOrangeHrmUsingSelenium" name="testPunchInOutAndVerifyPunchOutTimeGreaterThanPunchInTime" time="0.0">
    <skipped/>
  </testcase> <!-- testPunchInOutAndVerifyPunchOutTimeGreaterThanPunchInTime -->
  <testcase classname="uiAutomation.TestOrangeHrmUsingSelenium" name="testOverlappingMessage" time="0.0">
    <skipped/>
  </testcase> <!-- testOverlappingMessage -->
  <testcase classname="uiAutomation.TestOrangeHrmUsingSelenium" name="testTotalHoursAfterPunchAndVerify" time="0.0">
    <skipped/>
  </testcase> <!-- testTotalHoursAfterPunchAndVerify -->
</testsuite> <!-- Default test -->
