<?xml version="1.0" encoding="UTF-8"?>
<testng-results ignored="0" total="4" passed="4" failed="0" skipped="0">
  <reporter-output>
  </reporter-output>
  <suite started-at="2022-02-14T12:43:28 IST" name="Default suite" finished-at="2022-02-14T12:43:30 IST" duration-ms="2754">
    <groups>
    </groups>
    <test started-at="2022-02-14T12:43:28 IST" name="Default test" finished-at="2022-02-14T12:43:30 IST" duration-ms="2754">
      <class name="TestAutomation.RestAsuured.TestAssignOtherCode">
        <test-method is-config="true" signature="testLogin()[pri:0, instance:TestAutomation.RestAsuured.TestAssignOtherCode@6eda5c9]" started-at="2022-02-14T12:43:28 IST" name="testLogin" finished-at="2022-02-14T12:43:29 IST" duration-ms="1727" status="PASS">
          <reporter-output>
          </reporter-output>
        </test-method> <!-- testLogin -->
        <test-method signature="testApiPOSTResponse()[pri:0, instance:TestAutomation.RestAsuured.TestAssignOtherCode@6eda5c9]" started-at="2022-02-14T12:43:29 IST" name="testApiPOSTResponse" finished-at="2022-02-14T12:43:30 IST" duration-ms="264" status="PASS">
          <reporter-output>
          </reporter-output>
        </test-method> <!-- testApiPOSTResponse -->
        <test-method signature="testApiGETResponse()[pri:0, instance:TestAutomation.RestAsuured.TestAssignOtherCode@6eda5c9]" started-at="2022-02-14T12:43:30 IST" name="testApiGETResponse" finished-at="2022-02-14T12:43:30 IST" depends-on-methods="TestAutomation.RestAsuured.TestAssignOtherCode.testApiPOSTResponse" duration-ms="234" status="PASS">
          <reporter-output>
          </reporter-output>
        </test-method> <!-- testApiGETResponse -->
        <test-method signature="testApiPUTResponse()[pri:0, instance:TestAutomation.RestAsuured.TestAssignOtherCode@6eda5c9]" started-at="2022-02-14T12:43:30 IST" name="testApiPUTResponse" finished-at="2022-02-14T12:43:30 IST" depends-on-methods="TestAutomation.RestAsuured.TestAssignOtherCode.testApiGETResponse" duration-ms="249" status="PASS">
          <reporter-output>
          </reporter-output>
        </test-method> <!-- testApiPUTResponse -->
        <test-method signature="testApiDELETEResponse()[pri:0, instance:TestAutomation.RestAsuured.TestAssignOtherCode@6eda5c9]" started-at="2022-02-14T12:43:30 IST" name="testApiDELETEResponse" finished-at="2022-02-14T12:43:30 IST" depends-on-methods="TestAutomation.RestAsuured.TestAssignOtherCode.testApiPUTResponse" duration-ms="245" status="PASS">
          <reporter-output>
          </reporter-output>
        </test-method> <!-- testApiDELETEResponse -->
      </class> <!-- TestAutomation.RestAsuured.TestAssignOtherCode -->
    </test> <!-- Default test -->
  </suite> <!-- Default suite -->
</testng-results>
